Using TensorFlow backend.
2020-12-06 21:47:45.626798: I tensorflow/stream_executor/platform/default/dso_loader.cc:44] Successfully opened dynamic library libcuda.so.1
2020-12-06 21:47:45.641144: I tensorflow/stream_executor/cuda/cuda_gpu_executor.cc:981] successful NUMA node read from SysFS had negative value (-1), but there must be at least one NUMA node, so returning NUMA node zero
2020-12-06 21:47:45.641462: I tensorflow/core/common_runtime/gpu/gpu_device.cc:1561] Found device 0 with properties: 
pciBusID: 0000:06:00.0 name: GeForce GTX 1650 computeCapability: 7.5
coreClock: 1.695GHz coreCount: 14 deviceMemorySize: 3.82GiB deviceMemoryBandwidth: 119.24GiB/s
2020-12-06 21:47:45.641606: I tensorflow/stream_executor/platform/default/dso_loader.cc:44] Successfully opened dynamic library libcudart.so.10.1
2020-12-06 21:47:45.642603: I tensorflow/stream_executor/platform/default/dso_loader.cc:44] Successfully opened dynamic library libcublas.so.10
2020-12-06 21:47:45.643699: I tensorflow/stream_executor/platform/default/dso_loader.cc:44] Successfully opened dynamic library libcufft.so.10
2020-12-06 21:47:45.643850: I tensorflow/stream_executor/platform/default/dso_loader.cc:44] Successfully opened dynamic library libcurand.so.10
2020-12-06 21:47:45.644813: I tensorflow/stream_executor/platform/default/dso_loader.cc:44] Successfully opened dynamic library libcusolver.so.10
2020-12-06 21:47:45.645381: I tensorflow/stream_executor/platform/default/dso_loader.cc:44] Successfully opened dynamic library libcusparse.so.10
2020-12-06 21:47:45.647455: I tensorflow/stream_executor/platform/default/dso_loader.cc:44] Successfully opened dynamic library libcudnn.so.7
2020-12-06 21:47:45.647583: I tensorflow/stream_executor/cuda/cuda_gpu_executor.cc:981] successful NUMA node read from SysFS had negative value (-1), but there must be at least one NUMA node, so returning NUMA node zero
2020-12-06 21:47:45.647923: I tensorflow/stream_executor/cuda/cuda_gpu_executor.cc:981] successful NUMA node read from SysFS had negative value (-1), but there must be at least one NUMA node, so returning NUMA node zero
2020-12-06 21:47:45.648178: I tensorflow/core/common_runtime/gpu/gpu_device.cc:1703] Adding visible gpu devices: 0
2020-12-06 21:47:46.062108: I tensorflow/core/platform/cpu_feature_guard.cc:143] Your CPU supports instructions that this TensorFlow binary was not compiled to use: AVX2 FMA
2020-12-06 21:47:46.089222: I tensorflow/core/platform/profile_utils/cpu_utils.cc:102] CPU Frequency: 3593160000 Hz
2020-12-06 21:47:46.089674: I tensorflow/compiler/xla/service/service.cc:168] XLA service 0x7f3ed8000b20 initialized for platform Host (this does not guarantee that XLA will be used). Devices:
2020-12-06 21:47:46.089713: I tensorflow/compiler/xla/service/service.cc:176]   StreamExecutor device (0): Host, Default Version
2020-12-06 21:47:46.393806: I tensorflow/stream_executor/cuda/cuda_gpu_executor.cc:981] successful NUMA node read from SysFS had negative value (-1), but there must be at least one NUMA node, so returning NUMA node zero
2020-12-06 21:47:46.394307: I tensorflow/compiler/xla/service/service.cc:168] XLA service 0x55569bafe920 initialized for platform CUDA (this does not guarantee that XLA will be used). Devices:
2020-12-06 21:47:46.394322: I tensorflow/compiler/xla/service/service.cc:176]   StreamExecutor device (0): GeForce GTX 1650, Compute Capability 7.5
2020-12-06 21:47:46.394458: I tensorflow/stream_executor/cuda/cuda_gpu_executor.cc:981] successful NUMA node read from SysFS had negative value (-1), but there must be at least one NUMA node, so returning NUMA node zero
2020-12-06 21:47:46.394705: I tensorflow/core/common_runtime/gpu/gpu_device.cc:1561] Found device 0 with properties: 
pciBusID: 0000:06:00.0 name: GeForce GTX 1650 computeCapability: 7.5
coreClock: 1.695GHz coreCount: 14 deviceMemorySize: 3.82GiB deviceMemoryBandwidth: 119.24GiB/s
2020-12-06 21:47:46.394751: I tensorflow/stream_executor/platform/default/dso_loader.cc:44] Successfully opened dynamic library libcudart.so.10.1
2020-12-06 21:47:46.394763: I tensorflow/stream_executor/platform/default/dso_loader.cc:44] Successfully opened dynamic library libcublas.so.10
2020-12-06 21:47:46.394779: I tensorflow/stream_executor/platform/default/dso_loader.cc:44] Successfully opened dynamic library libcufft.so.10
2020-12-06 21:47:46.394790: I tensorflow/stream_executor/platform/default/dso_loader.cc:44] Successfully opened dynamic library libcurand.so.10
2020-12-06 21:47:46.394800: I tensorflow/stream_executor/platform/default/dso_loader.cc:44] Successfully opened dynamic library libcusolver.so.10
2020-12-06 21:47:46.394809: I tensorflow/stream_executor/platform/default/dso_loader.cc:44] Successfully opened dynamic library libcusparse.so.10
2020-12-06 21:47:46.394819: I tensorflow/stream_executor/platform/default/dso_loader.cc:44] Successfully opened dynamic library libcudnn.so.7
2020-12-06 21:47:46.394874: I tensorflow/stream_executor/cuda/cuda_gpu_executor.cc:981] successful NUMA node read from SysFS had negative value (-1), but there must be at least one NUMA node, so returning NUMA node zero
2020-12-06 21:47:46.395151: I tensorflow/stream_executor/cuda/cuda_gpu_executor.cc:981] successful NUMA node read from SysFS had negative value (-1), but there must be at least one NUMA node, so returning NUMA node zero
2020-12-06 21:47:46.395382: I tensorflow/core/common_runtime/gpu/gpu_device.cc:1703] Adding visible gpu devices: 0
2020-12-06 21:47:46.395406: I tensorflow/stream_executor/platform/default/dso_loader.cc:44] Successfully opened dynamic library libcudart.so.10.1
2020-12-06 21:47:46.396131: I tensorflow/core/common_runtime/gpu/gpu_device.cc:1102] Device interconnect StreamExecutor with strength 1 edge matrix:
2020-12-06 21:47:46.396142: I tensorflow/core/common_runtime/gpu/gpu_device.cc:1108]      0 
2020-12-06 21:47:46.396148: I tensorflow/core/common_runtime/gpu/gpu_device.cc:1121] 0:   N 
2020-12-06 21:47:46.396235: I tensorflow/stream_executor/cuda/cuda_gpu_executor.cc:981] successful NUMA node read from SysFS had negative value (-1), but there must be at least one NUMA node, so returning NUMA node zero
2020-12-06 21:47:46.396518: I tensorflow/stream_executor/cuda/cuda_gpu_executor.cc:981] successful NUMA node read from SysFS had negative value (-1), but there must be at least one NUMA node, so returning NUMA node zero
2020-12-06 21:47:46.396767: I tensorflow/core/common_runtime/gpu/gpu_device.cc:1247] Created TensorFlow device (/job:localhost/replica:0/task:0/device:GPU:0 with 3532 MB memory) -> physical GPU (device: 0, name: GeForce GTX 1650, pci bus id: 0000:06:00.0, compute capability: 7.5)
2020-12-06 21:47:46.882173: I tensorflow/core/profiler/lib/profiler_session.cc:159] Profiler session started.
2020-12-06 21:47:46.882230: I tensorflow/core/profiler/internal/gpu/cupti_tracer.cc:1363] Profiler found 1 GPUs
2020-12-06 21:47:46.882419: W tensorflow/stream_executor/platform/default/dso_loader.cc:55] Could not load dynamic library 'libcupti.so.10.1'; dlerror: libcupti.so.10.1: cannot open shared object file: No such file or directory; LD_LIBRARY_PATH: /usr/local/cuda-10.1/lib64
2020-12-06 21:47:46.882427: E tensorflow/core/profiler/internal/gpu/cupti_tracer.cc:1408] function cupti_interface_->Subscribe( &subscriber_, (CUpti_CallbackFunc)ApiCallback, this)failed with error CUPTI could not be loaded or symbol could not be found.
2020-12-06 21:47:46.882432: E tensorflow/core/profiler/internal/gpu/cupti_tracer.cc:1447] function cupti_interface_->ActivityRegisterCallbacks( AllocCuptiActivityBuffer, FreeCuptiActivityBuffer)failed with error CUPTI could not be loaded or symbol could not be found.
2020-12-06 21:47:46.882442: E tensorflow/core/profiler/internal/gpu/cupti_tracer.cc:1430] function cupti_interface_->EnableCallback( 0 , subscriber_, CUPTI_CB_DOMAIN_DRIVER_API, cbid)failed with error CUPTI could not be loaded or symbol could not be found.
Train on 11408 samples, validate on 2852 samples
Epoch 1/200
2020-12-06 21:47:49.147838: I tensorflow/stream_executor/platform/default/dso_loader.cc:44] Successfully opened dynamic library libcublas.so.10
2020-12-06 21:47:49.298706: I tensorflow/stream_executor/platform/default/dso_loader.cc:44] Successfully opened dynamic library libcudnn.so.7

   32/11408 [..............................] - ETA: 23:36 - loss: 1.6359 - accuracy: 0.31252020-12-06 21:47:52.401086: I tensorflow/core/profiler/lib/profiler_session.cc:159] Profiler session started.
2020-12-06 21:47:52.401140: E tensorflow/core/profiler/internal/gpu/cupti_tracer.cc:1408] function cupti_interface_->Subscribe( &subscriber_, (CUpti_CallbackFunc)ApiCallback, this)failed with error CUPTI could not be loaded or symbol could not be found.
2020-12-06 21:47:52.401162: E tensorflow/core/profiler/internal/gpu/cupti_tracer.cc:1447] function cupti_interface_->ActivityRegisterCallbacks( AllocCuptiActivityBuffer, FreeCuptiActivityBuffer)failed with error CUPTI could not be loaded or symbol could not be found.

   64/11408 [..............................] - ETA: 12:46 - loss: 2.3724 - accuracy: 0.31252020-12-06 21:47:52.740561: E tensorflow/core/profiler/internal/gpu/cupti_tracer.cc:1430] function cupti_interface_->EnableCallback( 0 , subscriber_, CUPTI_CB_DOMAIN_DRIVER_API, cbid)failed with error CUPTI could not be loaded or symbol could not be found.
2020-12-06 21:47:52.740692: I tensorflow/core/profiler/internal/gpu/device_tracer.cc:216]  GpuTracer has collected 0 callback api events and 0 activity events.
2020-12-06 21:47:52.741457: I tensorflow/core/profiler/rpc/client/save_profile.cc:168] Creating directory: ./logs/train/plugins/profile/2020_12_06_21_47_52
2020-12-06 21:47:52.741830: I tensorflow/core/profiler/rpc/client/save_profile.cc:174] Dumped gzipped tool data for trace.json.gz to ./logs/train/plugins/profile/2020_12_06_21_47_52/shouki.trace.json.gz
2020-12-06 21:47:52.742035: I tensorflow/core/profiler/utils/event_span.cc:288] Generation of step-events took 0 ms

2020-12-06 21:47:52.742432: I tensorflow/python/profiler/internal/profiler_wrapper.cc:87] Creating directory: ./logs/train/plugins/profile/2020_12_06_21_47_52Dumped tool data for overview_page.pb to ./logs/train/plugins/profile/2020_12_06_21_47_52/shouki.overview_page.pb
Dumped tool data for input_pipeline.pb to ./logs/train/plugins/profile/2020_12_06_21_47_52/shouki.input_pipeline.pb
Dumped tool data for tensorflow_stats.pb to ./logs/train/plugins/profile/2020_12_06_21_47_52/shouki.tensorflow_stats.pb
Dumped tool data for kernel_stats.pb to ./logs/train/plugins/profile/2020_12_06_21_47_52/shouki.kernel_stats.pb


   96/11408 [..............................] - ETA: 9:09 - loss: 2.0644 - accuracy: 0.3021 
  128/11408 [..............................] - ETA: 7:20 - loss: 1.9488 - accuracy: 0.2969
  160/11408 [..............................] - ETA: 6:15 - loss: 1.8531 - accuracy: 0.2750
  192/11408 [..............................] - ETA: 5:31 - loss: 1.8049 - accuracy: 0.2865
  224/11408 [..............................] - ETA: 5:00 - loss: 1.7437 - accuracy: 0.2902
  256/11408 [..............................] - ETA: 4:36 - loss: 1.7015 - accuracy: 0.2852
  288/11408 [..............................] - ETA: 4:18 - loss: 1.6830 - accuracy: 0.2917
  320/11408 [..............................] - ETA: 4:03 - loss: 1.6854 - accuracy: 0.2750
  352/11408 [..............................] - ETA: 3:51 - loss: 1.6689 - accuracy: 0.2642
  384/11408 [>.............................] - ETA: 3:40 - loss: 1.6539 - accuracy: 0.2604
  416/11408 [>.............................] - ETA: 3:32 - loss: 1.6461 - accuracy: 0.2476
  448/11408 [>.............................] - ETA: 3:24 - loss: 1.6354 - accuracy: 0.2433
  480/11408 [>.............................] - ETA: 3:18 - loss: 1.6232 - accuracy: 0.2458
  512/11408 [>.............................] - ETA: 3:12 - loss: 1.6228 - accuracy: 0.2480
  544/11408 [>.............................] - ETA: 3:07 - loss: 1.6123 - accuracy: 0.2518
  576/11408 [>.............................] - ETA: 3:02 - loss: 1.6036 - accuracy: 0.2483
  608/11408 [>.............................] - ETA: 2:58 - loss: 1.5949 - accuracy: 0.2533
  640/11408 [>.............................] - ETA: 2:54 - loss: 1.5853 - accuracy: 0.2562
  672/11408 [>.............................] - ETA: 2:51 - loss: 1.5772 - accuracy: 0.2634
  704/11408 [>.............................] - ETA: 2:48 - loss: 1.5698 - accuracy: 0.2585
  736/11408 [>.............................] - ETA: 2:45 - loss: 1.5609 - accuracy: 0.2595
  768/11408 [=>............................] - ETA: 2:42 - loss: 1.5539 - accuracy: 0.2630
  800/11408 [=>............................] - ETA: 2:40 - loss: 1.5510 - accuracy: 0.2625
  832/11408 [=>............................] - ETA: 2:37 - loss: 1.5460 - accuracy: 0.2620
  864/11408 [=>............................] - ETA: 2:35 - loss: 1.5350 - accuracy: 0.2697
  896/11408 [=>............................] - ETA: 2:33 - loss: 1.5286 - accuracy: 0.2712
  928/11408 [=>............................] - ETA: 2:31 - loss: 1.5250 - accuracy: 0.2716
  960/11408 [=>............................] - ETA: 2:29 - loss: 1.5208 - accuracy: 0.2719
  992/11408 [=>............................] - ETA: 2:28 - loss: 1.5197 - accuracy: 0.2732
 1024/11408 [=>............................] - ETA: 2:26 - loss: 1.5163 - accuracy: 0.2744
 1056/11408 [=>............................] - ETA: 2:24 - loss: 1.5123 - accuracy: 0.2765
 1088/11408 [=>............................] - ETA: 2:23 - loss: 1.5080 - accuracy: 0.2776
 1120/11408 [=>............................] - ETA: 2:21 - loss: 1.5081 - accuracy: 0.2786
 1152/11408 [==>...........................] - ETA: 2:20 - loss: 1.5069 - accuracy: 0.2778
 1184/11408 [==>...........................] - ETA: 2:19 - loss: 1.5027 - accuracy: 0.2812
 1216/11408 [==>...........................] - ETA: 2:17 - loss: 1.5005 - accuracy: 0.2829
 1248/11408 [==>...........................] - ETA: 2:16 - loss: 1.4992 - accuracy: 0.2821
 1280/11408 [==>...........................] - ETA: 2:15 - loss: 1.4998 - accuracy: 0.2805
 1312/11408 [==>...........................] - ETA: 2:14 - loss: 1.4968 - accuracy: 0.2835
 1344/11408 [==>...........................] - ETA: 2:13 - loss: 1.4941 - accuracy: 0.2850
 1376/11408 [==>...........................] - ETA: 2:12 - loss: 1.4940 - accuracy: 0.2842
 1408/11408 [==>...........................] - ETA: 2:11 - loss: 1.4907 - accuracy: 0.2869
 1440/11408 [==>...........................] - ETA: 2:10 - loss: 1.4907 - accuracy: 0.2861
 1472/11408 [==>...........................] - ETA: 2:09 - loss: 1.4870 - accuracy: 0.2880
 1504/11408 [==>...........................] - ETA: 2:08 - loss: 1.4853 - accuracy: 0.2886
 1536/11408 [===>..........................] - ETA: 2:07 - loss: 1.4848 - accuracy: 0.2871
 1568/11408 [===>..........................] - ETA: 2:06 - loss: 1.4816 - accuracy: 0.2895
 1600/11408 [===>..........................] - ETA: 2:05 - loss: 1.4789 - accuracy: 0.2906
 1632/11408 [===>..........................] - ETA: 2:04 - loss: 1.4782 - accuracy: 0.2898
 1664/11408 [===>..........................] - ETA: 2:03 - loss: 1.4764 - accuracy: 0.2897
 1696/11408 [===>..........................] - ETA: 2:03 - loss: 1.4734 - accuracy: 0.2936
 1728/11408 [===>..........................] - ETA: 2:02 - loss: 1.4706 - accuracy: 0.2951
 1760/11408 [===>..........................] - ETA: 2:01 - loss: 1.4691 - accuracy: 0.2972
 1792/11408 [===>..........................] - ETA: 2:00 - loss: 1.4675 - accuracy: 0.2958
 1824/11408 [===>..........................] - ETA: 2:00 - loss: 1.4673 - accuracy: 0.2944
 1856/11408 [===>..........................] - ETA: 1:59 - loss: 1.4661 - accuracy: 0.2947
 1888/11408 [===>..........................] - ETA: 1:58 - loss: 1.4644 - accuracy: 0.2929
 1920/11408 [====>.........................] - ETA: 1:57 - loss: 1.4624 - accuracy: 0.2937
 1952/11408 [====>.........................] - ETA: 1:57 - loss: 1.4611 - accuracy: 0.2941
 1984/11408 [====>.........................] - ETA: 1:56 - loss: 1.4589 - accuracy: 0.2954
 2016/11408 [====>.........................] - ETA: 1:55 - loss: 1.4563 - accuracy: 0.2966
 2048/11408 [====>.........................] - ETA: 1:55 - loss: 1.4541 - accuracy: 0.2988
 2080/11408 [====>.........................] - ETA: 1:54 - loss: 1.4535 - accuracy: 0.3000
 2112/11408 [====>.........................] - ETA: 1:53 - loss: 1.4529 - accuracy: 0.3007
 2144/11408 [====>.........................] - ETA: 1:53 - loss: 1.4505 - accuracy: 0.3013
 2176/11408 [====>.........................] - ETA: 1:52 - loss: 1.4486 - accuracy: 0.3028
 2208/11408 [====>.........................] - ETA: 1:52 - loss: 1.4468 - accuracy: 0.3053
 2240/11408 [====>.........................] - ETA: 1:51 - loss: 1.4442 - accuracy: 0.3080
 2272/11408 [====>.........................] - ETA: 1:50 - loss: 1.4454 - accuracy: 0.3072
 2304/11408 [=====>........................] - ETA: 1:50 - loss: 1.4425 - accuracy: 0.3077
 2336/11408 [=====>........................] - ETA: 1:49 - loss: 1.4437 - accuracy: 0.3082
 2368/11408 [=====>........................] - ETA: 1:49 - loss: 1.4419 - accuracy: 0.3095
 2400/11408 [=====>........................] - ETA: 1:48 - loss: 1.4425 - accuracy: 0.3100
 2432/11408 [=====>........................] - ETA: 1:48 - loss: 1.4414 - accuracy: 0.3100
 2464/11408 [=====>........................] - ETA: 1:47 - loss: 1.4395 - accuracy: 0.3109
 2496/11408 [=====>........................] - ETA: 1:46 - loss: 1.4381 - accuracy: 0.3113
 2528/11408 [=====>........................] - ETA: 1:46 - loss: 1.4359 - accuracy: 0.3133
 2560/11408 [=====>........................] - ETA: 1:45 - loss: 1.4353 - accuracy: 0.3121
 2592/11408 [=====>........................] - ETA: 1:45 - loss: 1.4375 - accuracy: 0.3110
 2624/11408 [=====>........................] - ETA: 1:44 - loss: 1.4383 - accuracy: 0.3110
 2656/11408 [=====>........................] - ETA: 1:44 - loss: 1.4378 - accuracy: 0.3106
 2688/11408 [======>.......................] - ETA: 1:43 - loss: 1.4371 - accuracy: 0.3103
 2720/11408 [======>.......................] - ETA: 1:43 - loss: 1.4361 - accuracy: 0.3110
 2752/11408 [======>.......................] - ETA: 1:42 - loss: 1.4361 - accuracy: 0.3092
 2784/11408 [======>.......................] - ETA: 1:42 - loss: 1.4356 - accuracy: 0.3096
 2816/11408 [======>.......................] - ETA: 1:41 - loss: 1.4352 - accuracy: 0.3086
 2848/11408 [======>.......................] - ETA: 1:41 - loss: 1.4348 - accuracy: 0.3079
 2880/11408 [======>.......................] - ETA: 1:40 - loss: 1.4358 - accuracy: 0.3066
 2912/11408 [======>.......................] - ETA: 1:40 - loss: 1.4355 - accuracy: 0.3067
 2944/11408 [======>.......................] - ETA: 1:39 - loss: 1.4346 - accuracy: 0.3064
 2976/11408 [======>.......................] - ETA: 1:39 - loss: 1.4344 - accuracy: 0.3051
 3008/11408 [======>.......................] - ETA: 1:38 - loss: 1.4351 - accuracy: 0.3039
 3040/11408 [======>.......................] - ETA: 1:38 - loss: 1.4347 - accuracy: 0.3039
 3072/11408 [=======>......................] - ETA: 1:37 - loss: 1.4333 - accuracy: 0.3050
 3104/11408 [=======>......................] - ETA: 1:37 - loss: 1.4312 - accuracy: 0.3067
 3136/11408 [=======>......................] - ETA: 1:36 - loss: 1.4291 - accuracy: 0.3071